<?xml version="1.0" encoding="UTF-8"?>
<!-- Generated by org.testng.reporters.JUnitXMLReporter -->
<testsuite ignored="0" hostname="DESKTOP-LBNV72U" failures="0" tests="5" name="Test" time="0.112" errors="0" timestamp="2025-01-31T09:56:44 IST">
  <testcase classname="pac1.ContactTest" name="createcontactTest" time="0.011"/>
  <testcase classname="pac1.ContactTest" name="deletecontactTest" time="0.001"/>
  <testcase classname="pac1.ContactTest" name="modifycontactTest" time="0.001"/>
  <testcase classname="pac2.OrgTest" name="createorgTest" time="0.001"/>
  <testcase classname="pac2.OrgTest" name="modifyorgTest" time="0.001"/>
</testsuite> <!-- Test -->
