<?xml version="1.0" encoding="UTF-8"?>
<testng-results ignored="0" total="4" passed="4" failed="0" skipped="0">
  <reporter-output>
  </reporter-output>
  <suite started-at="2025-01-30T16:45:32 IST" name="Suite" finished-at="2025-01-30T16:45:33 IST" duration-ms="111">
    <groups>
    </groups>
    <test started-at="2025-01-30T16:45:32 IST" name="Test" finished-at="2025-01-30T16:45:33 IST" duration-ms="111">
      <class name="pac1.ContactTest">
        <test-method signature="createcontactTest()[pri:0, instance:pac1.ContactTest@7193666c]" started-at="2025-01-30T16:45:32 IST" name="createcontactTest" finished-at="2025-01-30T16:45:32 IST" duration-ms="11" status="PASS">
          <reporter-output>
          </reporter-output>
        </test-method> <!-- createcontactTest -->
        <test-method signature="modifycontactTest()[pri:0, instance:pac1.ContactTest@7193666c]" started-at="2025-01-30T16:45:32 IST" name="modifycontactTest" finished-at="2025-01-30T16:45:32 IST" duration-ms="3" status="PASS">
          <reporter-output>
          </reporter-output>
        </test-method> <!-- modifycontactTest -->
      </class> <!-- pac1.ContactTest -->
      <class name="pac2.OrgTest">
        <test-method signature="createorgTest()[pri:0, instance:pac2.OrgTest@56620197]" started-at="2025-01-30T16:45:32 IST" name="createorgTest" finished-at="2025-01-30T16:45:32 IST" duration-ms="1" status="PASS">
          <reporter-output>
          </reporter-output>
        </test-method> <!-- createorgTest -->
        <test-method signature="modifyorgTest()[pri:0, instance:pac2.OrgTest@56620197]" started-at="2025-01-30T16:45:33 IST" name="modifyorgTest" finished-at="2025-01-30T16:45:33 IST" duration-ms="1" status="PASS">
          <reporter-output>
          </reporter-output>
        </test-method> <!-- modifyorgTest -->
      </class> <!-- pac2.OrgTest -->
    </test> <!-- Test -->
  </suite> <!-- Suite -->
</testng-results>
