<?xml version="1.0" encoding="UTF-8"?>
<testng-results ignored="0" total="5" passed="5" failed="0" skipped="0">
  <reporter-output>
  </reporter-output>
  <suite started-at="2025-01-31T09:56:44 IST" name="Suite" finished-at="2025-01-31T09:56:44 IST" duration-ms="112">
    <groups>
    </groups>
    <test started-at="2025-01-31T09:56:44 IST" name="Test" finished-at="2025-01-31T09:56:44 IST" duration-ms="112">
      <class name="pac1.ContactTest">
        <test-method signature="createcontactTest()[pri:0, instance:pac1.ContactTest@20deea7f]" started-at="2025-01-31T09:56:44 IST" name="createcontactTest" finished-at="2025-01-31T09:56:44 IST" duration-ms="11" status="PASS">
          <reporter-output>
          </reporter-output>
        </test-method> <!-- createcontactTest -->
        <test-method signature="deletecontactTest()[pri:0, instance:pac1.ContactTest@20deea7f]" started-at="2025-01-31T09:56:44 IST" name="deletecontactTest" finished-at="2025-01-31T09:56:44 IST" duration-ms="1" status="PASS">
          <reporter-output>
          </reporter-output>
        </test-method> <!-- deletecontactTest -->
        <test-method signature="modifycontactTest()[pri:0, instance:pac1.ContactTest@20deea7f]" started-at="2025-01-31T09:56:44 IST" name="modifycontactTest" finished-at="2025-01-31T09:56:44 IST" duration-ms="1" status="PASS">
          <reporter-output>
          </reporter-output>
        </test-method> <!-- modifycontactTest -->
      </class> <!-- pac1.ContactTest -->
      <class name="pac2.OrgTest">
        <test-method signature="createorgTest()[pri:0, instance:pac2.OrgTest@6eda5c9]" started-at="2025-01-31T09:56:44 IST" name="createorgTest" finished-at="2025-01-31T09:56:44 IST" duration-ms="1" status="PASS">
          <reporter-output>
          </reporter-output>
        </test-method> <!-- createorgTest -->
        <test-method signature="modifyorgTest()[pri:0, instance:pac2.OrgTest@6eda5c9]" started-at="2025-01-31T09:56:44 IST" name="modifyorgTest" finished-at="2025-01-31T09:56:44 IST" duration-ms="1" status="PASS">
          <reporter-output>
          </reporter-output>
        </test-method> <!-- modifyorgTest -->
      </class> <!-- pac2.OrgTest -->
    </test> <!-- Test -->
  </suite> <!-- Suite -->
</testng-results>
